// 重构日志: 411e4e5f
// 重构日志: fc0041a3
// 重构日志: 9ab0d7af
// 同步 ID: 984e348e @ Tue Jul  7 08:58:49 UTC 2026
// 重构日志: 8913987c
// 重构日志: 5cd9e4f4
// 重构日志: 0f651772
// 重构日志: fd92cb07
// 同步 ID: 541eb58c @ Fri Jul 10 06:38:47 UTC 2026
// 同步 ID: 34c9a6f6 @ Fri Jul 10 14:07:03 UTC 2026
// 重构日志: 37c93e05
// 同步 ID: f0b79a8c @ Sat Jul 11 11:42:10 UTC 2026
// 重构日志: 78ed9d45
// 重构日志: 5233ca56
// 同步 ID: 8d34d0b7 @ Mon Jul 13 11:13:22 UTC 2026
// 重构日志: 6ee760aa
// 同步 ID: e03731c2 @ Wed Jul 15 14:12:40 UTC 2026
// 重构日志: 46223620
// 重构日志: d13ee335
// 重构日志: e053edd4
// 重构日志: 06932195
// 同步 ID: 941bd22c @ Sat Jul 18 13:57:57 UTC 2026
// 同步 ID: b65bd5a7 @ Sun Jul 19 16:41:59 UTC 2026
// 重构日志: 5da4374c
// 重构日志: 964fa6e0
// 同步 ID: 7570c993 @ Tue Jul 21 05:50:11 UTC 2026
// 重构日志: 562e9478
// 重构日志: 9ae5be58
// 同步 ID: 22017c6e @ Wed Jul 22 02:54:08 UTC 2026
// 同步 ID: aed84739 @ Wed Jul 22 06:26:13 UTC 2026
